<?xml version="1.0" encoding="UTF-8"?>
<!-- Generated by org.testng.reporters.JUnitReportReporter -->
<testsuite skipped="0" hostname="Hesham-PC" name="org.example.testRunner.runners" tests="1" failures="0" timestamp="2022-10-07T17:09:10 EET" time="88.029" errors="0">
  <testcase name="runScenario" time="88.029" classname="org.example.testRunner.runners"/>
  <system-out/>
</testsuite> <!-- org.example.testRunner.runners -->
